# JRE version: OpenJDK Runtime Environment Corretto-21.0.1.12.1 (21.0.1+12) (build 21.0.1+12-LTS)
# Java VM: OpenJDK 64-Bit Server VM Corretto-21.0.1.12.1 (21.0.1+12-LTS, mixed mode, sharing, tiered, compressed oops, compressed class ptrs, g1 gc, bsd-aarch64)
GC Precious Log:
 CardTable entry size: 512
 Card Set container configuration: InlinePtr #cards 5 size 8 Array Of Cards #cards 12 size 40 Howl #buckets 4 coarsen threshold 1843 Howl Bitmap #cards 512 size 80 coarsen threshold 460 Card regions per heap region 1 cards per card region 2048
 CPUs: 8 total, 8 available
 Memory: 32768M
 Large Page Support: Disabled
 NUMA Support: Disabled
 Compressed Oops: Enabled (Zero based)
 Heap Region Size: 1M
 Heap Min Capacity: 8M
 Heap Initial Capacity: 24M
 Heap Max Capacity: 24M
 Pre-touch: Disabled
 Parallel Workers: 8
 Concurrent Workers: 2
 Concurrent Refinement Workers: 8
 Periodic GC: Disabled
Heap:
 garbage-first heap   total 24576K, used 23527K [0x00000007fe800000, 0x0000000800000000)
  region size 1024K, 0 young (0K), 0 survivors (0K)
 Metaspace       used 620K, committed 768K, reserved 1114112K
  class space    used 38K, committed 128K, reserved 1048576K
GC Heap History (20 events):
Event: 0.059 GC heap before
{Heap before GC invocations=12 (full 3):
 garbage-first heap   total 24576K, used 22636K [0x00000007fe800000, 0x0000000800000000)
  region size 1024K, 1 young (1024K), 1 survivors (1024K)
 Metaspace       used 603K, committed 768K, reserved 1114112K
  class space    used 37K, committed 128K, reserved 1048576K
}
Event: 0.064 GC heap after
{Heap after GC invocations=13 (full 4):
 garbage-first heap   total 24576K, used 22636K [0x00000007fe800000, 0x0000000800000000)
  region size 1024K, 0 young (0K), 0 survivors (0K)
 Metaspace       used 603K, committed 768K, reserved 1114112K
  class space    used 37K, committed 128K, reserved 1048576K
}
Event: 0.065 GC heap before
{Heap before GC invocations=13 (full 4):
 garbage-first heap   total 24576K, used 22636K [0x00000007fe800000, 0x0000000800000000)
  region size 1024K, 1 young (1024K), 0 survivors (0K)
 Metaspace       used 630K, committed 768K, reserved 1114112K
  class space    used 41K, committed 128K, reserved 1048576K
}
Event: 0.066 GC heap after
{Heap after GC invocations=14 (full 4):
 garbage-first heap   total 24576K, used 23654K [0x00000007fe800000, 0x0000000800000000)
  region size 1024K, 0 young (0K), 0 survivors (0K)
 Metaspace       used 630K, committed 768K, reserved 1114112K
  class space    used 41K, committed 128K, reserved 1048576K
}
Event: 0.066 GC heap before
{Heap before GC invocations=14 (full 4):
 garbage-first heap   total 24576K, used 23654K [0x00000007fe800000, 0x0000000800000000)
  region size 1024K, 0 young (0K), 0 survivors (0K)
 Metaspace       used 630K, committed 768K, reserved 1114112K
  class space    used 41K, committed 128K, reserved 1048576K
}
Event: 0.068 GC heap after
{Heap after GC invocations=15 (full 5):
 garbage-first heap   total 24576K, used 23654K [0x00000007fe800000, 0x0000000800000000)
  region size 1024K, 0 young (0K), 0 survivors (0K)
 Metaspace       used 618K, committed 768K, reserved 1114112K
  class space    used 37K, committed 128K, reserved 1048576K
}
Event: 0.068 GC heap before
{Heap before GC invocations=15 (full 5):
 garbage-first heap   total 24576K, used 23654K [0x00000007fe800000, 0x0000000800000000)
  region size 1024K, 0 young (0K), 0 survivors (0K)
 Metaspace       used 618K, committed 768K, reserved 1114112K
  class space    used 37K, committed 128K, reserved 1048576K
}
Event: 0.072 GC heap after
{Heap after GC invocations=16 (full 6):
 garbage-first heap   total 24576K, used 23527K [0x00000007fe800000, 0x0000000800000000)
  region size 1024K, 0 young (0K), 0 survivors (0K)
 Metaspace       used 618K, committed 768K, reserved 1114112K
  class space    used 37K, committed 128K, reserved 1048576K
}
Event: 0.072 GC heap before
{Heap before GC invocations=16 (full 6):
 garbage-first heap   total 24576K, used 23527K [0x00000007fe800000, 0x0000000800000000)
  region size 1024K, 0 young (0K), 0 survivors (0K)
 Metaspace       used 618K, committed 768K, reserved 1114112K
  class space    used 37K, committed 128K, reserved 1048576K
}
Event: 0.073 GC heap after
{Heap after GC invocations=17 (full 6):
 garbage-first heap   total 24576K, used 23527K [0x00000007fe800000, 0x0000000800000000)
  region size 1024K, 0 young (0K), 0 survivors (0K)
 Metaspace       used 618K, committed 768K, reserved 1114112K
  class space    used 37K, committed 128K, reserved 1048576K
}
Event: 0.073 GC heap before
{Heap before GC invocations=17 (full 6):
 garbage-first heap   total 24576K, used 23527K [0x00000007fe800000, 0x0000000800000000)
  region size 1024K, 0 young (0K), 0 survivors (0K)
 Metaspace       used 618K, committed 768K, reserved 1114112K
  class space    used 37K, committed 128K, reserved 1048576K
}
Event: 0.076 GC heap after
{Heap after GC invocations=18 (full 7):
 garbage-first heap   total 24576K, used 23527K [0x00000007fe800000, 0x0000000800000000)
  region size 1024K, 0 young (0K), 0 survivors (0K)
 Metaspace       used 618K, committed 768K, reserved 1114112K
  class space    used 37K, committed 128K, reserved 1048576K
}
Event: 0.076 GC heap before
{Heap before GC invocations=18 (full 7):
 garbage-first heap   total 24576K, used 23527K [0x00000007fe800000, 0x0000000800000000)
  region size 1024K, 0 young (0K), 0 survivors (0K)
 Metaspace       used 618K, committed 768K, reserved 1114112K
  class space    used 37K, committed 128K, reserved 1048576K
}
Event: 0.080 GC heap after
{Heap after GC invocations=19 (full 8):
 garbage-first heap   total 24576K, used 23527K [0x00000007fe800000, 0x0000000800000000)
  region size 1024K, 0 young (0K), 0 survivors (0K)
 Metaspace       used 618K, committed 768K, reserved 1114112K
  class space    used 37K, committed 128K, reserved 1048576K
}
Event: 0.080 GC heap before
{Heap before GC invocations=19 (full 8):
 garbage-first heap   total 24576K, used 23527K [0x00000007fe800000, 0x0000000800000000)
  region size 1024K, 0 young (0K), 0 survivors (0K)
 Metaspace       used 618K, committed 768K, reserved 1114112K
  class space    used 37K, committed 128K, reserved 1048576K
}
Event: 0.080 GC heap after
{Heap after GC invocations=20 (full 8):
 garbage-first heap   total 24576K, used 23527K [0x00000007fe800000, 0x0000000800000000)
  region size 1024K, 0 young (0K), 0 survivors (0K)
 Metaspace       used 618K, committed 768K, reserved 1114112K
  class space    used 37K, committed 128K, reserved 1048576K
}
Event: 0.080 GC heap before
{Heap before GC invocations=20 (full 8):
 garbage-first heap   total 24576K, used 23527K [0x00000007fe800000, 0x0000000800000000)
  region size 1024K, 0 young (0K), 0 survivors (0K)
 Metaspace       used 618K, committed 768K, reserved 1114112K
  class space    used 37K, committed 128K, reserved 1048576K
}
Event: 0.082 GC heap after
{Heap after GC invocations=21 (full 9):
 garbage-first heap   total 24576K, used 23527K [0x00000007fe800000, 0x0000000800000000)
  region size 1024K, 0 young (0K), 0 survivors (0K)
 Metaspace       used 618K, committed 768K, reserved 1114112K
  class space    used 37K, committed 128K, reserved 1048576K
}
Event: 0.082 GC heap before
{Heap before GC invocations=21 (full 9):
 garbage-first heap   total 24576K, used 23527K [0x00000007fe800000, 0x0000000800000000)
  region size 1024K, 0 young (0K), 0 survivors (0K)
 Metaspace       used 618K, committed 768K, reserved 1114112K
  class space    used 37K, committed 128K, reserved 1048576K
}
Event: 0.085 GC heap after
{Heap after GC invocations=22 (full 10):
 garbage-first heap   total 24576K, used 23527K [0x00000007fe800000, 0x0000000800000000)
  region size 1024K, 0 young (0K), 0 survivors (0K)
 Metaspace       used 618K, committed 768K, reserved 1114112K
  class space    used 37K, committed 128K, reserved 1048576K
}

